<?xml version="1.0" encoding="UTF-8"?>
<testsuite xmlns:xsi="http://www.w3.org/2001/XMLSchema-instance" xsi:noNamespaceSchemaLocation="https://maven.apache.org/surefire/maven-surefire-plugin/xsd/surefire-test-report.xsd" name="com.hzk.gulimall.search.GulimallSearchApplicationTests" time="27.058" tests="4" errors="0" skipped="0" failures="0">
  <properties>
    <property name="sun.desktop" value="windows"/>
    <property name="awt.toolkit" value="sun.awt.windows.WToolkit"/>
    <property name="file.encoding.pkg" value="sun.io"/>
    <property name="java.specification.version" value="1.8"/>
    <property name="sun.cpu.isalist" value="amd64"/>
    <property name="sun.jnu.encoding" value="GBK"/>
    <property name="java.class.path" value="D:\guli_mall\guli_mall\gulimall-search\target\test-classes;D:\guli_mall\guli_mall\gulimall-search\target\classes;D:\IDEA\maven\repository\org\springframework\boot\spring-boot-starter-actuator\2.3.7.RELEASE\spring-boot-starter-actuator-2.3.7.RELEASE.jar;D:\IDEA\maven\repository\org\springframework\boot\spring-boot-starter\2.3.7.RELEASE\spring-boot-starter-2.3.7.RELEASE.jar;D:\IDEA\maven\repository\org\springframework\boot\spring-boot\2.3.7.RELEASE\spring-boot-2.3.7.RELEASE.jar;D:\IDEA\maven\repository\org\springframework\boot\spring-boot-autoconfigure\2.3.7.RELEASE\spring-boot-autoconfigure-2.3.7.RELEASE.jar;D:\IDEA\maven\repository\org\springframework\boot\spring-boot-starter-logging\2.3.7.RELEASE\spring-boot-starter-logging-2.3.7.RELEASE.jar;D:\IDEA\maven\repository\ch\qos\logback\logback-classic\1.2.3\logback-classic-1.2.3.jar;D:\IDEA\maven\repository\ch\qos\logback\logback-core\1.2.3\logback-core-1.2.3.jar;D:\IDEA\maven\repository\org\apache\logging\log4j\log4j-to-slf4j\2.13.3\log4j-to-slf4j-2.13.3.jar;D:\IDEA\maven\repository\org\slf4j\jul-to-slf4j\1.7.30\jul-to-slf4j-1.7.30.jar;D:\IDEA\maven\repository\jakarta\annotation\jakarta.annotation-api\1.3.5\jakarta.annotation-api-1.3.5.jar;D:\IDEA\maven\repository\org\yaml\snakeyaml\1.26\snakeyaml-1.26.jar;D:\IDEA\maven\repository\org\springframework\boot\spring-boot-actuator-autoconfigure\2.3.7.RELEASE\spring-boot-actuator-autoconfigure-2.3.7.RELEASE.jar;D:\IDEA\maven\repository\org\springframework\boot\spring-boot-actuator\2.3.7.RELEASE\spring-boot-actuator-2.3.7.RELEASE.jar;D:\IDEA\maven\repository\com\fasterxml\jackson\core\jackson-databind\2.11.3\jackson-databind-2.11.3.jar;D:\IDEA\maven\repository\com\fasterxml\jackson\core\jackson-annotations\2.11.3\jackson-annotations-2.11.3.jar;D:\IDEA\maven\repository\com\fasterxml\jackson\core\jackson-core\2.11.3\jackson-core-2.11.3.jar;D:\IDEA\maven\repository\com\fasterxml\jackson\datatype\jackson-datatype-jsr310\2.11.3\jackson-datatype-jsr310-2.11.3.jar;D:\IDEA\maven\repository\io\micrometer\micrometer-core\1.5.9\micrometer-core-1.5.9.jar;D:\IDEA\maven\repository\org\hdrhistogram\HdrHistogram\2.1.12\HdrHistogram-2.1.12.jar;D:\IDEA\maven\repository\org\latencyutils\LatencyUtils\2.0.3\LatencyUtils-2.0.3.jar;D:\IDEA\maven\repository\org\springframework\boot\spring-boot-starter-data-redis\2.3.7.RELEASE\spring-boot-starter-data-redis-2.3.7.RELEASE.jar;D:\IDEA\maven\repository\org\springframework\data\spring-data-redis\2.3.6.RELEASE\spring-data-redis-2.3.6.RELEASE.jar;D:\IDEA\maven\repository\org\springframework\data\spring-data-keyvalue\2.3.6.RELEASE\spring-data-keyvalue-2.3.6.RELEASE.jar;D:\IDEA\maven\repository\org\springframework\data\spring-data-commons\2.3.6.RELEASE\spring-data-commons-2.3.6.RELEASE.jar;D:\IDEA\maven\repository\org\springframework\spring-tx\5.2.12.RELEASE\spring-tx-5.2.12.RELEASE.jar;D:\IDEA\maven\repository\org\springframework\spring-oxm\5.2.12.RELEASE\spring-oxm-5.2.12.RELEASE.jar;D:\IDEA\maven\repository\org\springframework\spring-aop\5.2.12.RELEASE\spring-aop-5.2.12.RELEASE.jar;D:\IDEA\maven\repository\org\springframework\spring-context-support\5.2.12.RELEASE\spring-context-support-5.2.12.RELEASE.jar;D:\IDEA\maven\repository\org\slf4j\slf4j-api\1.7.30\slf4j-api-1.7.30.jar;D:\IDEA\maven\repository\io\lettuce\lettuce-core\5.3.5.RELEASE\lettuce-core-5.3.5.RELEASE.jar;D:\IDEA\maven\repository\io\netty\netty-common\4.1.55.Final\netty-common-4.1.55.Final.jar;D:\IDEA\maven\repository\io\netty\netty-handler\4.1.55.Final\netty-handler-4.1.55.Final.jar;D:\IDEA\maven\repository\io\netty\netty-resolver\4.1.55.Final\netty-resolver-4.1.55.Final.jar;D:\IDEA\maven\repository\io\netty\netty-buffer\4.1.55.Final\netty-buffer-4.1.55.Final.jar;D:\IDEA\maven\repository\io\netty\netty-codec\4.1.55.Final\netty-codec-4.1.55.Final.jar;D:\IDEA\maven\repository\io\netty\netty-transport\4.1.55.Final\netty-transport-4.1.55.Final.jar;D:\IDEA\maven\repository\io\projectreactor\reactor-core\3.3.12.RELEASE\reactor-core-3.3.12.RELEASE.jar;D:\IDEA\maven\repository\org\reactivestreams\reactive-streams\1.0.3\reactive-streams-1.0.3.jar;D:\IDEA\maven\repository\org\springframework\session\spring-session-data-redis\2.3.1.RELEASE\spring-session-data-redis-2.3.1.RELEASE.jar;D:\IDEA\maven\repository\org\springframework\session\spring-session-core\2.3.1.RELEASE\spring-session-core-2.3.1.RELEASE.jar;D:\IDEA\maven\repository\org\springframework\spring-jcl\5.2.12.RELEASE\spring-jcl-5.2.12.RELEASE.jar;D:\IDEA\maven\repository\org\springframework\boot\spring-boot-starter-thymeleaf\2.3.7.RELEASE\spring-boot-starter-thymeleaf-2.3.7.RELEASE.jar;D:\IDEA\maven\repository\org\thymeleaf\thymeleaf-spring5\3.0.11.RELEASE\thymeleaf-spring5-3.0.11.RELEASE.jar;D:\IDEA\maven\repository\org\thymeleaf\thymeleaf\3.0.11.RELEASE\thymeleaf-3.0.11.RELEASE.jar;D:\IDEA\maven\repository\org\attoparser\attoparser\2.0.5.RELEASE\attoparser-2.0.5.RELEASE.jar;D:\IDEA\maven\repository\org\unbescape\unbescape\1.1.6.RELEASE\unbescape-1.1.6.RELEASE.jar;D:\IDEA\maven\repository\org\thymeleaf\extras\thymeleaf-extras-java8time\3.0.4.RELEASE\thymeleaf-extras-java8time-3.0.4.RELEASE.jar;D:\IDEA\maven\repository\org\elasticsearch\client\elasticsearch-rest-high-level-client\7.4.2\elasticsearch-rest-high-level-client-7.4.2.jar;D:\IDEA\maven\repository\org\elasticsearch\elasticsearch\7.4.2\elasticsearch-7.4.2.jar;D:\IDEA\maven\repository\org\elasticsearch\elasticsearch-core\7.4.2\elasticsearch-core-7.4.2.jar;D:\IDEA\maven\repository\org\elasticsearch\elasticsearch-secure-sm\7.4.2\elasticsearch-secure-sm-7.4.2.jar;D:\IDEA\maven\repository\org\elasticsearch\elasticsearch-x-content\7.4.2\elasticsearch-x-content-7.4.2.jar;D:\IDEA\maven\repository\com\fasterxml\jackson\dataformat\jackson-dataformat-smile\2.11.3\jackson-dataformat-smile-2.11.3.jar;D:\IDEA\maven\repository\com\fasterxml\jackson\dataformat\jackson-dataformat-yaml\2.11.3\jackson-dataformat-yaml-2.11.3.jar;D:\IDEA\maven\repository\com\fasterxml\jackson\dataformat\jackson-dataformat-cbor\2.11.3\jackson-dataformat-cbor-2.11.3.jar;D:\IDEA\maven\repository\org\elasticsearch\elasticsearch-geo\7.4.2\elasticsearch-geo-7.4.2.jar;D:\IDEA\maven\repository\org\apache\lucene\lucene-core\8.2.0\lucene-core-8.2.0.jar;D:\IDEA\maven\repository\org\apache\lucene\lucene-analyzers-common\8.2.0\lucene-analyzers-common-8.2.0.jar;D:\IDEA\maven\repository\org\apache\lucene\lucene-backward-codecs\8.2.0\lucene-backward-codecs-8.2.0.jar;D:\IDEA\maven\repository\org\apache\lucene\lucene-grouping\8.2.0\lucene-grouping-8.2.0.jar;D:\IDEA\maven\repository\org\apache\lucene\lucene-highlighter\8.2.0\lucene-highlighter-8.2.0.jar;D:\IDEA\maven\repository\org\apache\lucene\lucene-join\8.2.0\lucene-join-8.2.0.jar;D:\IDEA\maven\repository\org\apache\lucene\lucene-memory\8.2.0\lucene-memory-8.2.0.jar;D:\IDEA\maven\repository\org\apache\lucene\lucene-misc\8.2.0\lucene-misc-8.2.0.jar;D:\IDEA\maven\repository\org\apache\lucene\lucene-queries\8.2.0\lucene-queries-8.2.0.jar;D:\IDEA\maven\repository\org\apache\lucene\lucene-queryparser\8.2.0\lucene-queryparser-8.2.0.jar;D:\IDEA\maven\repository\org\apache\lucene\lucene-sandbox\8.2.0\lucene-sandbox-8.2.0.jar;D:\IDEA\maven\repository\org\apache\lucene\lucene-spatial\8.2.0\lucene-spatial-8.2.0.jar;D:\IDEA\maven\repository\org\apache\lucene\lucene-spatial-extras\8.2.0\lucene-spatial-extras-8.2.0.jar;D:\IDEA\maven\repository\org\apache\lucene\lucene-spatial3d\8.2.0\lucene-spatial3d-8.2.0.jar;D:\IDEA\maven\repository\org\apache\lucene\lucene-suggest\8.2.0\lucene-suggest-8.2.0.jar;D:\IDEA\maven\repository\org\elasticsearch\elasticsearch-cli\7.4.2\elasticsearch-cli-7.4.2.jar;D:\IDEA\maven\repository\net\sf\jopt-simple\jopt-simple\5.0.2\jopt-simple-5.0.2.jar;D:\IDEA\maven\repository\com\carrotsearch\hppc\0.8.1\hppc-0.8.1.jar;D:\IDEA\maven\repository\joda-time\joda-time\2.10.3\joda-time-2.10.3.jar;D:\IDEA\maven\repository\com\tdunning\t-digest\3.2\t-digest-3.2.jar;D:\IDEA\maven\repository\org\apache\logging\log4j\log4j-api\2.13.3\log4j-api-2.13.3.jar;D:\IDEA\maven\repository\org\elasticsearch\jna\4.5.1\jna-4.5.1.jar;D:\IDEA\maven\repository\org\elasticsearch\client\elasticsearch-rest-client\7.4.2\elasticsearch-rest-client-7.4.2.jar;D:\IDEA\maven\repository\org\apache\httpcomponents\httpclient\4.5.13\httpclient-4.5.13.jar;D:\IDEA\maven\repository\org\apache\httpcomponents\httpasyncclient\4.1.4\httpasyncclient-4.1.4.jar;D:\IDEA\maven\repository\org\apache\httpcomponents\httpcore-nio\4.4.14\httpcore-nio-4.4.14.jar;D:\IDEA\maven\repository\commons-codec\commons-codec\1.14\commons-codec-1.14.jar;D:\IDEA\maven\repository\org\elasticsearch\plugin\mapper-extras-client\7.4.2\mapper-extras-client-7.4.2.jar;D:\IDEA\maven\repository\org\elasticsearch\plugin\parent-join-client\7.4.2\parent-join-client-7.4.2.jar;D:\IDEA\maven\repository\org\elasticsearch\plugin\aggs-matrix-stats-client\7.4.2\aggs-matrix-stats-client-7.4.2.jar;D:\IDEA\maven\repository\org\elasticsearch\plugin\rank-eval-client\7.4.2\rank-eval-client-7.4.2.jar;D:\IDEA\maven\repository\org\elasticsearch\plugin\lang-mustache-client\7.4.2\lang-mustache-client-7.4.2.jar;D:\IDEA\maven\repository\com\github\spullara\mustache\java\compiler\0.9.3\compiler-0.9.3.jar;D:\IDEA\maven\repository\com\hzk\gulimall\gulimall-common\0.0.1-SNAPSHOT\gulimall-common-0.0.1-SNAPSHOT.jar;D:\IDEA\maven\repository\org\springframework\cloud\spring-cloud-starter-sleuth\2.2.6.RELEASE\spring-cloud-starter-sleuth-2.2.6.RELEASE.jar;D:\IDEA\maven\repository\org\springframework\boot\spring-boot-starter-aop\2.3.7.RELEASE\spring-boot-starter-aop-2.3.7.RELEASE.jar;D:\IDEA\maven\repository\org\aspectj\aspectjweaver\1.9.6\aspectjweaver-1.9.6.jar;D:\IDEA\maven\repository\org\springframework\cloud\spring-cloud-sleuth-core\2.2.6.RELEASE\spring-cloud-sleuth-core-2.2.6.RELEASE.jar;D:\IDEA\maven\repository\org\aspectj\aspectjrt\1.9.6\aspectjrt-1.9.6.jar;D:\IDEA\maven\repository\io\zipkin\brave\brave\5.12.7\brave-5.12.7.jar;D:\IDEA\maven\repository\io\zipkin\reporter2\zipkin-reporter-brave\2.15.2\zipkin-reporter-brave-2.15.2.jar;D:\IDEA\maven\repository\io\zipkin\brave\brave-context-slf4j\5.12.7\brave-context-slf4j-5.12.7.jar;D:\IDEA\maven\repository\io\zipkin\brave\brave-instrumentation-messaging\5.12.7\brave-instrumentation-messaging-5.12.7.jar;D:\IDEA\maven\repository\io\zipkin\brave\brave-instrumentation-rpc\5.12.7\brave-instrumentation-rpc-5.12.7.jar;D:\IDEA\maven\repository\io\zipkin\brave\brave-instrumentation-spring-web\5.12.7\brave-instrumentation-spring-web-5.12.7.jar;D:\IDEA\maven\repository\io\zipkin\brave\brave-instrumentation-http\5.12.7\brave-instrumentation-http-5.12.7.jar;D:\IDEA\maven\repository\io\zipkin\brave\brave-instrumentation-spring-rabbit\5.12.7\brave-instrumentation-spring-rabbit-5.12.7.jar;D:\IDEA\maven\repository\io\zipkin\brave\brave-instrumentation-kafka-clients\5.12.7\brave-instrumentation-kafka-clients-5.12.7.jar;D:\IDEA\maven\repository\io\zipkin\brave\brave-instrumentation-kafka-streams\5.12.7\brave-instrumentation-kafka-streams-5.12.7.jar;D:\IDEA\maven\repository\io\zipkin\brave\brave-instrumentation-httpclient\5.12.7\brave-instrumentation-httpclient-5.12.7.jar;D:\IDEA\maven\repository\io\zipkin\brave\brave-instrumentation-httpasyncclient\5.12.7\brave-instrumentation-httpasyncclient-5.12.7.jar;D:\IDEA\maven\repository\io\zipkin\brave\brave-instrumentation-spring-webmvc\5.12.7\brave-instrumentation-spring-webmvc-5.12.7.jar;D:\IDEA\maven\repository\io\zipkin\brave\brave-instrumentation-servlet\5.12.7\brave-instrumentation-servlet-5.12.7.jar;D:\IDEA\maven\repository\io\zipkin\brave\brave-instrumentation-jms\5.12.7\brave-instrumentation-jms-5.12.7.jar;D:\IDEA\maven\repository\io\zipkin\reporter2\zipkin-reporter-metrics-micrometer\2.15.2\zipkin-reporter-metrics-micrometer-2.15.2.jar;D:\IDEA\maven\repository\io\zipkin\reporter2\zipkin-reporter\2.15.2\zipkin-reporter-2.15.2.jar;D:\IDEA\maven\repository\io\zipkin\zipkin2\zipkin\2.21.7\zipkin-2.21.7.jar;D:\IDEA\maven\repository\com\alibaba\csp\sentinel-transport-simple-http\1.8.4\sentinel-transport-simple-http-1.8.4.jar;D:\IDEA\maven\repository\com\alibaba\csp\sentinel-transport-common\1.8.4\sentinel-transport-common-1.8.4.jar;D:\IDEA\maven\repository\com\alibaba\csp\sentinel-datasource-extension\1.8.4\sentinel-datasource-extension-1.8.4.jar;D:\IDEA\maven\repository\com\alibaba\cloud\spring-cloud-starter-alibaba-sentinel\2.2.8.RELEASE\spring-cloud-starter-alibaba-sentinel-2.2.8.RELEASE.jar;D:\IDEA\maven\repository\com\alibaba\csp\sentinel-annotation-aspectj\1.8.4\sentinel-annotation-aspectj-1.8.4.jar;D:\IDEA\maven\repository\com\alibaba\csp\sentinel-core\1.8.4\sentinel-core-1.8.4.jar;D:\IDEA\maven\repository\com\alibaba\cloud\spring-cloud-circuitbreaker-sentinel\2.2.8.RELEASE\spring-cloud-circuitbreaker-sentinel-2.2.8.RELEASE.jar;D:\IDEA\maven\repository\com\alibaba\csp\sentinel-reactor-adapter\1.8.4\sentinel-reactor-adapter-1.8.4.jar;D:\IDEA\maven\repository\com\alibaba\csp\sentinel-spring-webflux-adapter\1.8.4\sentinel-spring-webflux-adapter-1.8.4.jar;D:\IDEA\maven\repository\com\alibaba\csp\sentinel-spring-webmvc-adapter\1.8.4\sentinel-spring-webmvc-adapter-1.8.4.jar;D:\IDEA\maven\repository\com\alibaba\csp\sentinel-parameter-flow-control\1.8.4\sentinel-parameter-flow-control-1.8.4.jar;D:\IDEA\maven\repository\com\googlecode\concurrentlinkedhashmap\concurrentlinkedhashmap-lru\1.4.2\concurrentlinkedhashmap-lru-1.4.2.jar;D:\IDEA\maven\repository\com\alibaba\csp\sentinel-cluster-server-default\1.8.4\sentinel-cluster-server-default-1.8.4.jar;D:\IDEA\maven\repository\com\alibaba\csp\sentinel-cluster-common-default\1.8.4\sentinel-cluster-common-default-1.8.4.jar;D:\IDEA\maven\repository\com\alibaba\csp\sentinel-cluster-client-default\1.8.4\sentinel-cluster-client-default-1.8.4.jar;D:\IDEA\maven\repository\com\alibaba\cloud\spring-cloud-alibaba-sentinel-datasource\2.2.8.RELEASE\spring-cloud-alibaba-sentinel-datasource-2.2.8.RELEASE.jar;D:\IDEA\maven\repository\org\springframework\boot\spring-boot-starter-validation\2.3.7.RELEASE\spring-boot-starter-validation-2.3.7.RELEASE.jar;D:\IDEA\maven\repository\org\glassfish\jakarta.el\3.0.3\jakarta.el-3.0.3.jar;D:\IDEA\maven\repository\org\hibernate\validator\hibernate-validator\6.1.6.Final\hibernate-validator-6.1.6.Final.jar;D:\IDEA\maven\repository\org\jboss\logging\jboss-logging\3.4.1.Final\jboss-logging-3.4.1.Final.jar;D:\IDEA\maven\repository\com\fasterxml\classmate\1.5.1\classmate-1.5.1.jar;D:\IDEA\maven\repository\com\alibaba\fastjson\2.0.12\fastjson-2.0.12.jar;D:\IDEA\maven\repository\com\alibaba\fastjson2\fastjson2-extension\2.0.12\fastjson2-extension-2.0.12.jar;D:\IDEA\maven\repository\com\alibaba\fastjson2\fastjson2\2.0.12\fastjson2-2.0.12.jar;D:\IDEA\maven\repository\mysql\mysql-connector-java\8.0.22\mysql-connector-java-8.0.22.jar;D:\IDEA\maven\repository\org\apache\commons\commons-lang3\3.10\commons-lang3-3.10.jar;D:\IDEA\maven\repository\org\apache\httpcomponents\httpcore\4.4.14\httpcore-4.4.14.jar;D:\IDEA\maven\repository\com\baomidou\mybatis-plus-boot-starter\3.5.2\mybatis-plus-boot-starter-3.5.2.jar;D:\IDEA\maven\repository\com\baomidou\mybatis-plus\3.5.2\mybatis-plus-3.5.2.jar;D:\IDEA\maven\repository\com\baomidou\mybatis-plus-extension\3.5.2\mybatis-plus-extension-3.5.2.jar;D:\IDEA\maven\repository\com\baomidou\mybatis-plus-core\3.5.2\mybatis-plus-core-3.5.2.jar;D:\IDEA\maven\repository\com\baomidou\mybatis-plus-annotation\3.5.2\mybatis-plus-annotation-3.5.2.jar;D:\IDEA\maven\repository\com\github\jsqlparser\jsqlparser\4.4\jsqlparser-4.4.jar;D:\IDEA\maven\repository\org\mybatis\mybatis\3.5.10\mybatis-3.5.10.jar;D:\IDEA\maven\repository\org\mybatis\mybatis-spring\2.0.7\mybatis-spring-2.0.7.jar;D:\IDEA\maven\repository\org\jetbrains\kotlin\kotlin-stdlib-jdk8\1.3.72\kotlin-stdlib-jdk8-1.3.72.jar;D:\IDEA\maven\repository\org\jetbrains\kotlin\kotlin-stdlib\1.3.72\kotlin-stdlib-1.3.72.jar;D:\IDEA\maven\repository\org\jetbrains\kotlin\kotlin-stdlib-common\1.3.72\kotlin-stdlib-common-1.3.72.jar;D:\IDEA\maven\repository\org\jetbrains\annotations\13.0\annotations-13.0.jar;D:\IDEA\maven\repository\org\jetbrains\kotlin\kotlin-stdlib-jdk7\1.3.72\kotlin-stdlib-jdk7-1.3.72.jar;D:\IDEA\maven\repository\org\springframework\boot\spring-boot-starter-jdbc\2.3.7.RELEASE\spring-boot-starter-jdbc-2.3.7.RELEASE.jar;D:\IDEA\maven\repository\com\zaxxer\HikariCP\3.4.5\HikariCP-3.4.5.jar;D:\IDEA\maven\repository\org\springframework\spring-jdbc\5.2.12.RELEASE\spring-jdbc-5.2.12.RELEASE.jar;D:\IDEA\maven\repository\com\alibaba\cloud\spring-cloud-starter-alibaba-nacos-discovery\2.2.8.RELEASE\spring-cloud-starter-alibaba-nacos-discovery-2.2.8.RELEASE.jar;D:\IDEA\maven\repository\com\alibaba\cloud\spring-cloud-alibaba-commons\2.2.8.RELEASE\spring-cloud-alibaba-commons-2.2.8.RELEASE.jar;D:\IDEA\maven\repository\com\alibaba\nacos\nacos-client\2.1.0\nacos-client-2.1.0.jar;D:\IDEA\maven\repository\com\alibaba\nacos\nacos-auth-plugin\2.1.0\nacos-auth-plugin-2.1.0.jar;D:\IDEA\maven\repository\com\alibaba\nacos\nacos-encryption-plugin\2.1.0\nacos-encryption-plugin-2.1.0.jar;D:\IDEA\maven\repository\io\prometheus\simpleclient\0.5.0\simpleclient-0.5.0.jar;D:\IDEA\maven\repository\com\alibaba\spring\spring-context-support\1.0.11\spring-context-support-1.0.11.jar;D:\IDEA\maven\repository\org\springframework\cloud\spring-cloud-context\2.2.6.RELEASE\spring-cloud-context-2.2.6.RELEASE.jar;D:\IDEA\maven\repository\org\springframework\cloud\spring-cloud-starter-netflix-ribbon\2.2.6.RELEASE\spring-cloud-starter-netflix-ribbon-2.2.6.RELEASE.jar;D:\IDEA\maven\repository\org\springframework\cloud\spring-cloud-starter-netflix-archaius\2.2.6.RELEASE\spring-cloud-starter-netflix-archaius-2.2.6.RELEASE.jar;D:\IDEA\maven\repository\com\netflix\ribbon\ribbon\2.3.0\ribbon-2.3.0.jar;D:\IDEA\maven\repository\com\netflix\ribbon\ribbon-transport\2.3.0\ribbon-transport-2.3.0.jar;D:\IDEA\maven\repository\io\reactivex\rxnetty-contexts\0.4.9\rxnetty-contexts-0.4.9.jar;D:\IDEA\maven\repository\io\reactivex\rxnetty-servo\0.4.9\rxnetty-servo-0.4.9.jar;D:\IDEA\maven\repository\javax\inject\javax.inject\1\javax.inject-1.jar;D:\IDEA\maven\repository\io\reactivex\rxnetty\0.4.9\rxnetty-0.4.9.jar;D:\IDEA\maven\repository\com\netflix\ribbon\ribbon-core\2.3.0\ribbon-core-2.3.0.jar;D:\IDEA\maven\repository\commons-lang\commons-lang\2.6\commons-lang-2.6.jar;D:\IDEA\maven\repository\com\netflix\ribbon\ribbon-httpclient\2.3.0\ribbon-httpclient-2.3.0.jar;D:\IDEA\maven\repository\commons-collections\commons-collections\3.2.2\commons-collections-3.2.2.jar;D:\IDEA\maven\repository\com\sun\jersey\jersey-client\1.19.1\jersey-client-1.19.1.jar;D:\IDEA\maven\repository\com\sun\jersey\jersey-core\1.19.1\jersey-core-1.19.1.jar;D:\IDEA\maven\repository\javax\ws\rs\jsr311-api\1.1.1\jsr311-api-1.1.1.jar;D:\IDEA\maven\repository\com\sun\jersey\contribs\jersey-apache-client4\1.19.1\jersey-apache-client4-1.19.1.jar;D:\IDEA\maven\repository\com\netflix\servo\servo-core\0.12.21\servo-core-0.12.21.jar;D:\IDEA\maven\repository\com\netflix\netflix-commons\netflix-commons-util\0.3.0\netflix-commons-util-0.3.0.jar;D:\IDEA\maven\repository\com\netflix\ribbon\ribbon-loadbalancer\2.3.0\ribbon-loadbalancer-2.3.0.jar;D:\IDEA\maven\repository\com\netflix\netflix-commons\netflix-statistics\0.1.1\netflix-statistics-0.1.1.jar;D:\IDEA\maven\repository\io\reactivex\rxjava\1.3.8\rxjava-1.3.8.jar;D:\IDEA\maven\repository\com\alibaba\cloud\spring-cloud-starter-alibaba-nacos-config\2.2.8.RELEASE\spring-cloud-starter-alibaba-nacos-config-2.2.8.RELEASE.jar;D:\IDEA\maven\repository\jakarta\validation\jakarta.validation-api\2.0.2\jakarta.validation-api-2.0.2.jar;D:\IDEA\maven\repository\org\springframework\boot\spring-boot-starter-web\2.3.7.RELEASE\spring-boot-starter-web-2.3.7.RELEASE.jar;D:\IDEA\maven\repository\org\springframework\boot\spring-boot-starter-json\2.3.7.RELEASE\spring-boot-starter-json-2.3.7.RELEASE.jar;D:\IDEA\maven\repository\com\fasterxml\jackson\datatype\jackson-datatype-jdk8\2.11.3\jackson-datatype-jdk8-2.11.3.jar;D:\IDEA\maven\repository\com\fasterxml\jackson\module\jackson-module-parameter-names\2.11.3\jackson-module-parameter-names-2.11.3.jar;D:\IDEA\maven\repository\org\springframework\boot\spring-boot-starter-tomcat\2.3.7.RELEASE\spring-boot-starter-tomcat-2.3.7.RELEASE.jar;D:\IDEA\maven\repository\org\apache\tomcat\embed\tomcat-embed-core\9.0.41\tomcat-embed-core-9.0.41.jar;D:\IDEA\maven\repository\org\apache\tomcat\embed\tomcat-embed-websocket\9.0.41\tomcat-embed-websocket-9.0.41.jar;D:\IDEA\maven\repository\org\springframework\spring-web\5.2.12.RELEASE\spring-web-5.2.12.RELEASE.jar;D:\IDEA\maven\repository\org\springframework\spring-beans\5.2.12.RELEASE\spring-beans-5.2.12.RELEASE.jar;D:\IDEA\maven\repository\org\springframework\spring-webmvc\5.2.12.RELEASE\spring-webmvc-5.2.12.RELEASE.jar;D:\IDEA\maven\repository\org\springframework\spring-context\5.2.12.RELEASE\spring-context-5.2.12.RELEASE.jar;D:\IDEA\maven\repository\org\springframework\spring-expression\5.2.12.RELEASE\spring-expression-5.2.12.RELEASE.jar;D:\IDEA\maven\repository\org\springframework\cloud\spring-cloud-starter-openfeign\2.2.6.RELEASE\spring-cloud-starter-openfeign-2.2.6.RELEASE.jar;D:\IDEA\maven\repository\org\springframework\cloud\spring-cloud-starter\2.2.6.RELEASE\spring-cloud-starter-2.2.6.RELEASE.jar;D:\IDEA\maven\repository\org\springframework\security\spring-security-rsa\1.0.9.RELEASE\spring-security-rsa-1.0.9.RELEASE.jar;D:\IDEA\maven\repository\org\bouncycastle\bcpkix-jdk15on\1.64\bcpkix-jdk15on-1.64.jar;D:\IDEA\maven\repository\org\bouncycastle\bcprov-jdk15on\1.64\bcprov-jdk15on-1.64.jar;D:\IDEA\maven\repository\org\springframework\cloud\spring-cloud-openfeign-core\2.2.6.RELEASE\spring-cloud-openfeign-core-2.2.6.RELEASE.jar;D:\IDEA\maven\repository\org\springframework\cloud\spring-cloud-netflix-ribbon\2.2.6.RELEASE\spring-cloud-netflix-ribbon-2.2.6.RELEASE.jar;D:\IDEA\maven\repository\org\springframework\cloud\spring-cloud-netflix-archaius\2.2.6.RELEASE\spring-cloud-netflix-archaius-2.2.6.RELEASE.jar;D:\IDEA\maven\repository\io\github\openfeign\form\feign-form-spring\3.8.0\feign-form-spring-3.8.0.jar;D:\IDEA\maven\repository\io\github\openfeign\form\feign-form\3.8.0\feign-form-3.8.0.jar;D:\IDEA\maven\repository\commons-fileupload\commons-fileupload\1.4\commons-fileupload-1.4.jar;D:\IDEA\maven\repository\commons-io\commons-io\2.2\commons-io-2.2.jar;D:\IDEA\maven\repository\org\springframework\cloud\spring-cloud-commons\2.2.6.RELEASE\spring-cloud-commons-2.2.6.RELEASE.jar;D:\IDEA\maven\repository\org\springframework\security\spring-security-crypto\5.3.6.RELEASE\spring-security-crypto-5.3.6.RELEASE.jar;D:\IDEA\maven\repository\io\github\openfeign\feign-core\10.10.1\feign-core-10.10.1.jar;D:\IDEA\maven\repository\io\github\openfeign\feign-slf4j\10.10.1\feign-slf4j-10.10.1.jar;D:\IDEA\maven\repository\io\github\openfeign\feign-hystrix\10.10.1\feign-hystrix-10.10.1.jar;D:\IDEA\maven\repository\com\netflix\archaius\archaius-core\0.7.6\archaius-core-0.7.6.jar;D:\IDEA\maven\repository\com\google\code\findbugs\jsr305\3.0.1\jsr305-3.0.1.jar;D:\IDEA\maven\repository\commons-configuration\commons-configuration\1.8\commons-configuration-1.8.jar;D:\IDEA\maven\repository\com\google\guava\guava\29.0-jre\guava-29.0-jre.jar;D:\IDEA\maven\repository\com\google\guava\failureaccess\1.0.1\failureaccess-1.0.1.jar;D:\IDEA\maven\repository\com\google\guava\listenablefuture\9999.0-empty-to-avoid-conflict-with-guava\listenablefuture-9999.0-empty-to-avoid-conflict-with-guava.jar;D:\IDEA\maven\repository\org\checkerframework\checker-qual\2.11.1\checker-qual-2.11.1.jar;D:\IDEA\maven\repository\com\google\errorprone\error_prone_annotations\2.3.4\error_prone_annotations-2.3.4.jar;D:\IDEA\maven\repository\com\google\j2objc\j2objc-annotations\1.3\j2objc-annotations-1.3.jar;D:\IDEA\maven\repository\com\netflix\hystrix\hystrix-core\1.5.18\hystrix-core-1.5.18.jar;D:\IDEA\maven\repository\org\projectlombok\lombok\1.18.16\lombok-1.18.16.jar;D:\IDEA\maven\repository\org\springframework\boot\spring-boot-starter-test\2.3.7.RELEASE\spring-boot-starter-test-2.3.7.RELEASE.jar;D:\IDEA\maven\repository\org\springframework\boot\spring-boot-test\2.3.7.RELEASE\spring-boot-test-2.3.7.RELEASE.jar;D:\IDEA\maven\repository\org\springframework\boot\spring-boot-test-autoconfigure\2.3.7.RELEASE\spring-boot-test-autoconfigure-2.3.7.RELEASE.jar;D:\IDEA\maven\repository\com\jayway\jsonpath\json-path\2.4.0\json-path-2.4.0.jar;D:\IDEA\maven\repository\net\minidev\json-smart\2.3\json-smart-2.3.jar;D:\IDEA\maven\repository\net\minidev\accessors-smart\1.2\accessors-smart-1.2.jar;D:\IDEA\maven\repository\org\ow2\asm\asm\5.0.4\asm-5.0.4.jar;D:\IDEA\maven\repository\jakarta\xml\bind\jakarta.xml.bind-api\2.3.3\jakarta.xml.bind-api-2.3.3.jar;D:\IDEA\maven\repository\jakarta\activation\jakarta.activation-api\1.2.2\jakarta.activation-api-1.2.2.jar;D:\IDEA\maven\repository\org\assertj\assertj-core\3.16.1\assertj-core-3.16.1.jar;D:\IDEA\maven\repository\org\hamcrest\hamcrest\2.2\hamcrest-2.2.jar;D:\IDEA\maven\repository\org\junit\jupiter\junit-jupiter\5.6.3\junit-jupiter-5.6.3.jar;D:\IDEA\maven\repository\org\junit\jupiter\junit-jupiter-api\5.6.3\junit-jupiter-api-5.6.3.jar;D:\IDEA\maven\repository\org\apiguardian\apiguardian-api\1.1.0\apiguardian-api-1.1.0.jar;D:\IDEA\maven\repository\org\opentest4j\opentest4j\1.2.0\opentest4j-1.2.0.jar;D:\IDEA\maven\repository\org\junit\platform\junit-platform-commons\1.6.3\junit-platform-commons-1.6.3.jar;D:\IDEA\maven\repository\org\junit\jupiter\junit-jupiter-params\5.6.3\junit-jupiter-params-5.6.3.jar;D:\IDEA\maven\repository\org\junit\jupiter\junit-jupiter-engine\5.6.3\junit-jupiter-engine-5.6.3.jar;D:\IDEA\maven\repository\org\junit\platform\junit-platform-engine\1.6.3\junit-platform-engine-1.6.3.jar;D:\IDEA\maven\repository\org\mockito\mockito-core\3.3.3\mockito-core-3.3.3.jar;D:\IDEA\maven\repository\net\bytebuddy\byte-buddy\1.10.18\byte-buddy-1.10.18.jar;D:\IDEA\maven\repository\net\bytebuddy\byte-buddy-agent\1.10.18\byte-buddy-agent-1.10.18.jar;D:\IDEA\maven\repository\org\objenesis\objenesis\2.6\objenesis-2.6.jar;D:\IDEA\maven\repository\org\mockito\mockito-junit-jupiter\3.3.3\mockito-junit-jupiter-3.3.3.jar;D:\IDEA\maven\repository\org\skyscreamer\jsonassert\1.5.0\jsonassert-1.5.0.jar;D:\IDEA\maven\repository\com\vaadin\external\google\android-json\0.0.20131108.vaadin1\android-json-0.0.20131108.vaadin1.jar;D:\IDEA\maven\repository\org\springframework\spring-core\5.2.12.RELEASE\spring-core-5.2.12.RELEASE.jar;D:\IDEA\maven\repository\org\springframework\spring-test\5.2.12.RELEASE\spring-test-5.2.12.RELEASE.jar;D:\IDEA\maven\repository\org\xmlunit\xmlunit-core\2.7.0\xmlunit-core-2.7.0.jar;"/>
    <property name="java.vm.vendor" value="Oracle Corporation"/>
    <property name="sun.arch.data.model" value="64"/>
    <property name="user.variant" value=""/>
    <property name="java.vendor.url" value="http://java.oracle.com/"/>
    <property name="user.timezone" value="Asia/Shanghai"/>
    <property name="java.vm.specification.version" value="1.8"/>
    <property name="os.name" value="Windows 10"/>
    <property name="user.country" value="CN"/>
    <property name="sun.java.launcher" value="SUN_STANDARD"/>
    <property name="sun.boot.library.path" value="D:\20210709java\jdk8\jre\bin"/>
    <property name="sun.java.command" value="C:\Users\hzk\AppData\Local\Temp\surefire5827950715772543983\surefirebooter4177073289016750364.jar C:\Users\hzk\AppData\Local\Temp\surefire5827950715772543983 2023-04-26T11-20-03_367-jvmRun1 surefire3407344148531294119tmp surefire_01472111864025419872tmp"/>
    <property name="surefire.test.class.path" value="D:\guli_mall\guli_mall\gulimall-search\target\test-classes;D:\guli_mall\guli_mall\gulimall-search\target\classes;D:\IDEA\maven\repository\org\springframework\boot\spring-boot-starter-actuator\2.3.7.RELEASE\spring-boot-starter-actuator-2.3.7.RELEASE.jar;D:\IDEA\maven\repository\org\springframework\boot\spring-boot-starter\2.3.7.RELEASE\spring-boot-starter-2.3.7.RELEASE.jar;D:\IDEA\maven\repository\org\springframework\boot\spring-boot\2.3.7.RELEASE\spring-boot-2.3.7.RELEASE.jar;D:\IDEA\maven\repository\org\springframework\boot\spring-boot-autoconfigure\2.3.7.RELEASE\spring-boot-autoconfigure-2.3.7.RELEASE.jar;D:\IDEA\maven\repository\org\springframework\boot\spring-boot-starter-logging\2.3.7.RELEASE\spring-boot-starter-logging-2.3.7.RELEASE.jar;D:\IDEA\maven\repository\ch\qos\logback\logback-classic\1.2.3\logback-classic-1.2.3.jar;D:\IDEA\maven\repository\ch\qos\logback\logback-core\1.2.3\logback-core-1.2.3.jar;D:\IDEA\maven\repository\org\apache\logging\log4j\log4j-to-slf4j\2.13.3\log4j-to-slf4j-2.13.3.jar;D:\IDEA\maven\repository\org\slf4j\jul-to-slf4j\1.7.30\jul-to-slf4j-1.7.30.jar;D:\IDEA\maven\repository\jakarta\annotation\jakarta.annotation-api\1.3.5\jakarta.annotation-api-1.3.5.jar;D:\IDEA\maven\repository\org\yaml\snakeyaml\1.26\snakeyaml-1.26.jar;D:\IDEA\maven\repository\org\springframework\boot\spring-boot-actuator-autoconfigure\2.3.7.RELEASE\spring-boot-actuator-autoconfigure-2.3.7.RELEASE.jar;D:\IDEA\maven\repository\org\springframework\boot\spring-boot-actuator\2.3.7.RELEASE\spring-boot-actuator-2.3.7.RELEASE.jar;D:\IDEA\maven\repository\com\fasterxml\jackson\core\jackson-databind\2.11.3\jackson-databind-2.11.3.jar;D:\IDEA\maven\repository\com\fasterxml\jackson\core\jackson-annotations\2.11.3\jackson-annotations-2.11.3.jar;D:\IDEA\maven\repository\com\fasterxml\jackson\core\jackson-core\2.11.3\jackson-core-2.11.3.jar;D:\IDEA\maven\repository\com\fasterxml\jackson\datatype\jackson-datatype-jsr310\2.11.3\jackson-datatype-jsr310-2.11.3.jar;D:\IDEA\maven\repository\io\micrometer\micrometer-core\1.5.9\micrometer-core-1.5.9.jar;D:\IDEA\maven\repository\org\hdrhistogram\HdrHistogram\2.1.12\HdrHistogram-2.1.12.jar;D:\IDEA\maven\repository\org\latencyutils\LatencyUtils\2.0.3\LatencyUtils-2.0.3.jar;D:\IDEA\maven\repository\org\springframework\boot\spring-boot-starter-data-redis\2.3.7.RELEASE\spring-boot-starter-data-redis-2.3.7.RELEASE.jar;D:\IDEA\maven\repository\org\springframework\data\spring-data-redis\2.3.6.RELEASE\spring-data-redis-2.3.6.RELEASE.jar;D:\IDEA\maven\repository\org\springframework\data\spring-data-keyvalue\2.3.6.RELEASE\spring-data-keyvalue-2.3.6.RELEASE.jar;D:\IDEA\maven\repository\org\springframework\data\spring-data-commons\2.3.6.RELEASE\spring-data-commons-2.3.6.RELEASE.jar;D:\IDEA\maven\repository\org\springframework\spring-tx\5.2.12.RELEASE\spring-tx-5.2.12.RELEASE.jar;D:\IDEA\maven\repository\org\springframework\spring-oxm\5.2.12.RELEASE\spring-oxm-5.2.12.RELEASE.jar;D:\IDEA\maven\repository\org\springframework\spring-aop\5.2.12.RELEASE\spring-aop-5.2.12.RELEASE.jar;D:\IDEA\maven\repository\org\springframework\spring-context-support\5.2.12.RELEASE\spring-context-support-5.2.12.RELEASE.jar;D:\IDEA\maven\repository\org\slf4j\slf4j-api\1.7.30\slf4j-api-1.7.30.jar;D:\IDEA\maven\repository\io\lettuce\lettuce-core\5.3.5.RELEASE\lettuce-core-5.3.5.RELEASE.jar;D:\IDEA\maven\repository\io\netty\netty-common\4.1.55.Final\netty-common-4.1.55.Final.jar;D:\IDEA\maven\repository\io\netty\netty-handler\4.1.55.Final\netty-handler-4.1.55.Final.jar;D:\IDEA\maven\repository\io\netty\netty-resolver\4.1.55.Final\netty-resolver-4.1.55.Final.jar;D:\IDEA\maven\repository\io\netty\netty-buffer\4.1.55.Final\netty-buffer-4.1.55.Final.jar;D:\IDEA\maven\repository\io\netty\netty-codec\4.1.55.Final\netty-codec-4.1.55.Final.jar;D:\IDEA\maven\repository\io\netty\netty-transport\4.1.55.Final\netty-transport-4.1.55.Final.jar;D:\IDEA\maven\repository\io\projectreactor\reactor-core\3.3.12.RELEASE\reactor-core-3.3.12.RELEASE.jar;D:\IDEA\maven\repository\org\reactivestreams\reactive-streams\1.0.3\reactive-streams-1.0.3.jar;D:\IDEA\maven\repository\org\springframework\session\spring-session-data-redis\2.3.1.RELEASE\spring-session-data-redis-2.3.1.RELEASE.jar;D:\IDEA\maven\repository\org\springframework\session\spring-session-core\2.3.1.RELEASE\spring-session-core-2.3.1.RELEASE.jar;D:\IDEA\maven\repository\org\springframework\spring-jcl\5.2.12.RELEASE\spring-jcl-5.2.12.RELEASE.jar;D:\IDEA\maven\repository\org\springframework\boot\spring-boot-starter-thymeleaf\2.3.7.RELEASE\spring-boot-starter-thymeleaf-2.3.7.RELEASE.jar;D:\IDEA\maven\repository\org\thymeleaf\thymeleaf-spring5\3.0.11.RELEASE\thymeleaf-spring5-3.0.11.RELEASE.jar;D:\IDEA\maven\repository\org\thymeleaf\thymeleaf\3.0.11.RELEASE\thymeleaf-3.0.11.RELEASE.jar;D:\IDEA\maven\repository\org\attoparser\attoparser\2.0.5.RELEASE\attoparser-2.0.5.RELEASE.jar;D:\IDEA\maven\repository\org\unbescape\unbescape\1.1.6.RELEASE\unbescape-1.1.6.RELEASE.jar;D:\IDEA\maven\repository\org\thymeleaf\extras\thymeleaf-extras-java8time\3.0.4.RELEASE\thymeleaf-extras-java8time-3.0.4.RELEASE.jar;D:\IDEA\maven\repository\org\elasticsearch\client\elasticsearch-rest-high-level-client\7.4.2\elasticsearch-rest-high-level-client-7.4.2.jar;D:\IDEA\maven\repository\org\elasticsearch\elasticsearch\7.4.2\elasticsearch-7.4.2.jar;D:\IDEA\maven\repository\org\elasticsearch\elasticsearch-core\7.4.2\elasticsearch-core-7.4.2.jar;D:\IDEA\maven\repository\org\elasticsearch\elasticsearch-secure-sm\7.4.2\elasticsearch-secure-sm-7.4.2.jar;D:\IDEA\maven\repository\org\elasticsearch\elasticsearch-x-content\7.4.2\elasticsearch-x-content-7.4.2.jar;D:\IDEA\maven\repository\com\fasterxml\jackson\dataformat\jackson-dataformat-smile\2.11.3\jackson-dataformat-smile-2.11.3.jar;D:\IDEA\maven\repository\com\fasterxml\jackson\dataformat\jackson-dataformat-yaml\2.11.3\jackson-dataformat-yaml-2.11.3.jar;D:\IDEA\maven\repository\com\fasterxml\jackson\dataformat\jackson-dataformat-cbor\2.11.3\jackson-dataformat-cbor-2.11.3.jar;D:\IDEA\maven\repository\org\elasticsearch\elasticsearch-geo\7.4.2\elasticsearch-geo-7.4.2.jar;D:\IDEA\maven\repository\org\apache\lucene\lucene-core\8.2.0\lucene-core-8.2.0.jar;D:\IDEA\maven\repository\org\apache\lucene\lucene-analyzers-common\8.2.0\lucene-analyzers-common-8.2.0.jar;D:\IDEA\maven\repository\org\apache\lucene\lucene-backward-codecs\8.2.0\lucene-backward-codecs-8.2.0.jar;D:\IDEA\maven\repository\org\apache\lucene\lucene-grouping\8.2.0\lucene-grouping-8.2.0.jar;D:\IDEA\maven\repository\org\apache\lucene\lucene-highlighter\8.2.0\lucene-highlighter-8.2.0.jar;D:\IDEA\maven\repository\org\apache\lucene\lucene-join\8.2.0\lucene-join-8.2.0.jar;D:\IDEA\maven\repository\org\apache\lucene\lucene-memory\8.2.0\lucene-memory-8.2.0.jar;D:\IDEA\maven\repository\org\apache\lucene\lucene-misc\8.2.0\lucene-misc-8.2.0.jar;D:\IDEA\maven\repository\org\apache\lucene\lucene-queries\8.2.0\lucene-queries-8.2.0.jar;D:\IDEA\maven\repository\org\apache\lucene\lucene-queryparser\8.2.0\lucene-queryparser-8.2.0.jar;D:\IDEA\maven\repository\org\apache\lucene\lucene-sandbox\8.2.0\lucene-sandbox-8.2.0.jar;D:\IDEA\maven\repository\org\apache\lucene\lucene-spatial\8.2.0\lucene-spatial-8.2.0.jar;D:\IDEA\maven\repository\org\apache\lucene\lucene-spatial-extras\8.2.0\lucene-spatial-extras-8.2.0.jar;D:\IDEA\maven\repository\org\apache\lucene\lucene-spatial3d\8.2.0\lucene-spatial3d-8.2.0.jar;D:\IDEA\maven\repository\org\apache\lucene\lucene-suggest\8.2.0\lucene-suggest-8.2.0.jar;D:\IDEA\maven\repository\org\elasticsearch\elasticsearch-cli\7.4.2\elasticsearch-cli-7.4.2.jar;D:\IDEA\maven\repository\net\sf\jopt-simple\jopt-simple\5.0.2\jopt-simple-5.0.2.jar;D:\IDEA\maven\repository\com\carrotsearch\hppc\0.8.1\hppc-0.8.1.jar;D:\IDEA\maven\repository\joda-time\joda-time\2.10.3\joda-time-2.10.3.jar;D:\IDEA\maven\repository\com\tdunning\t-digest\3.2\t-digest-3.2.jar;D:\IDEA\maven\repository\org\apache\logging\log4j\log4j-api\2.13.3\log4j-api-2.13.3.jar;D:\IDEA\maven\repository\org\elasticsearch\jna\4.5.1\jna-4.5.1.jar;D:\IDEA\maven\repository\org\elasticsearch\client\elasticsearch-rest-client\7.4.2\elasticsearch-rest-client-7.4.2.jar;D:\IDEA\maven\repository\org\apache\httpcomponents\httpclient\4.5.13\httpclient-4.5.13.jar;D:\IDEA\maven\repository\org\apache\httpcomponents\httpasyncclient\4.1.4\httpasyncclient-4.1.4.jar;D:\IDEA\maven\repository\org\apache\httpcomponents\httpcore-nio\4.4.14\httpcore-nio-4.4.14.jar;D:\IDEA\maven\repository\commons-codec\commons-codec\1.14\commons-codec-1.14.jar;D:\IDEA\maven\repository\org\elasticsearch\plugin\mapper-extras-client\7.4.2\mapper-extras-client-7.4.2.jar;D:\IDEA\maven\repository\org\elasticsearch\plugin\parent-join-client\7.4.2\parent-join-client-7.4.2.jar;D:\IDEA\maven\repository\org\elasticsearch\plugin\aggs-matrix-stats-client\7.4.2\aggs-matrix-stats-client-7.4.2.jar;D:\IDEA\maven\repository\org\elasticsearch\plugin\rank-eval-client\7.4.2\rank-eval-client-7.4.2.jar;D:\IDEA\maven\repository\org\elasticsearch\plugin\lang-mustache-client\7.4.2\lang-mustache-client-7.4.2.jar;D:\IDEA\maven\repository\com\github\spullara\mustache\java\compiler\0.9.3\compiler-0.9.3.jar;D:\IDEA\maven\repository\com\hzk\gulimall\gulimall-common\0.0.1-SNAPSHOT\gulimall-common-0.0.1-SNAPSHOT.jar;D:\IDEA\maven\repository\org\springframework\cloud\spring-cloud-starter-sleuth\2.2.6.RELEASE\spring-cloud-starter-sleuth-2.2.6.RELEASE.jar;D:\IDEA\maven\repository\org\springframework\boot\spring-boot-starter-aop\2.3.7.RELEASE\spring-boot-starter-aop-2.3.7.RELEASE.jar;D:\IDEA\maven\repository\org\aspectj\aspectjweaver\1.9.6\aspectjweaver-1.9.6.jar;D:\IDEA\maven\repository\org\springframework\cloud\spring-cloud-sleuth-core\2.2.6.RELEASE\spring-cloud-sleuth-core-2.2.6.RELEASE.jar;D:\IDEA\maven\repository\org\aspectj\aspectjrt\1.9.6\aspectjrt-1.9.6.jar;D:\IDEA\maven\repository\io\zipkin\brave\brave\5.12.7\brave-5.12.7.jar;D:\IDEA\maven\repository\io\zipkin\reporter2\zipkin-reporter-brave\2.15.2\zipkin-reporter-brave-2.15.2.jar;D:\IDEA\maven\repository\io\zipkin\brave\brave-context-slf4j\5.12.7\brave-context-slf4j-5.12.7.jar;D:\IDEA\maven\repository\io\zipkin\brave\brave-instrumentation-messaging\5.12.7\brave-instrumentation-messaging-5.12.7.jar;D:\IDEA\maven\repository\io\zipkin\brave\brave-instrumentation-rpc\5.12.7\brave-instrumentation-rpc-5.12.7.jar;D:\IDEA\maven\repository\io\zipkin\brave\brave-instrumentation-spring-web\5.12.7\brave-instrumentation-spring-web-5.12.7.jar;D:\IDEA\maven\repository\io\zipkin\brave\brave-instrumentation-http\5.12.7\brave-instrumentation-http-5.12.7.jar;D:\IDEA\maven\repository\io\zipkin\brave\brave-instrumentation-spring-rabbit\5.12.7\brave-instrumentation-spring-rabbit-5.12.7.jar;D:\IDEA\maven\repository\io\zipkin\brave\brave-instrumentation-kafka-clients\5.12.7\brave-instrumentation-kafka-clients-5.12.7.jar;D:\IDEA\maven\repository\io\zipkin\brave\brave-instrumentation-kafka-streams\5.12.7\brave-instrumentation-kafka-streams-5.12.7.jar;D:\IDEA\maven\repository\io\zipkin\brave\brave-instrumentation-httpclient\5.12.7\brave-instrumentation-httpclient-5.12.7.jar;D:\IDEA\maven\repository\io\zipkin\brave\brave-instrumentation-httpasyncclient\5.12.7\brave-instrumentation-httpasyncclient-5.12.7.jar;D:\IDEA\maven\repository\io\zipkin\brave\brave-instrumentation-spring-webmvc\5.12.7\brave-instrumentation-spring-webmvc-5.12.7.jar;D:\IDEA\maven\repository\io\zipkin\brave\brave-instrumentation-servlet\5.12.7\brave-instrumentation-servlet-5.12.7.jar;D:\IDEA\maven\repository\io\zipkin\brave\brave-instrumentation-jms\5.12.7\brave-instrumentation-jms-5.12.7.jar;D:\IDEA\maven\repository\io\zipkin\reporter2\zipkin-reporter-metrics-micrometer\2.15.2\zipkin-reporter-metrics-micrometer-2.15.2.jar;D:\IDEA\maven\repository\io\zipkin\reporter2\zipkin-reporter\2.15.2\zipkin-reporter-2.15.2.jar;D:\IDEA\maven\repository\io\zipkin\zipkin2\zipkin\2.21.7\zipkin-2.21.7.jar;D:\IDEA\maven\repository\com\alibaba\csp\sentinel-transport-simple-http\1.8.4\sentinel-transport-simple-http-1.8.4.jar;D:\IDEA\maven\repository\com\alibaba\csp\sentinel-transport-common\1.8.4\sentinel-transport-common-1.8.4.jar;D:\IDEA\maven\repository\com\alibaba\csp\sentinel-datasource-extension\1.8.4\sentinel-datasource-extension-1.8.4.jar;D:\IDEA\maven\repository\com\alibaba\cloud\spring-cloud-starter-alibaba-sentinel\2.2.8.RELEASE\spring-cloud-starter-alibaba-sentinel-2.2.8.RELEASE.jar;D:\IDEA\maven\repository\com\alibaba\csp\sentinel-annotation-aspectj\1.8.4\sentinel-annotation-aspectj-1.8.4.jar;D:\IDEA\maven\repository\com\alibaba\csp\sentinel-core\1.8.4\sentinel-core-1.8.4.jar;D:\IDEA\maven\repository\com\alibaba\cloud\spring-cloud-circuitbreaker-sentinel\2.2.8.RELEASE\spring-cloud-circuitbreaker-sentinel-2.2.8.RELEASE.jar;D:\IDEA\maven\repository\com\alibaba\csp\sentinel-reactor-adapter\1.8.4\sentinel-reactor-adapter-1.8.4.jar;D:\IDEA\maven\repository\com\alibaba\csp\sentinel-spring-webflux-adapter\1.8.4\sentinel-spring-webflux-adapter-1.8.4.jar;D:\IDEA\maven\repository\com\alibaba\csp\sentinel-spring-webmvc-adapter\1.8.4\sentinel-spring-webmvc-adapter-1.8.4.jar;D:\IDEA\maven\repository\com\alibaba\csp\sentinel-parameter-flow-control\1.8.4\sentinel-parameter-flow-control-1.8.4.jar;D:\IDEA\maven\repository\com\googlecode\concurrentlinkedhashmap\concurrentlinkedhashmap-lru\1.4.2\concurrentlinkedhashmap-lru-1.4.2.jar;D:\IDEA\maven\repository\com\alibaba\csp\sentinel-cluster-server-default\1.8.4\sentinel-cluster-server-default-1.8.4.jar;D:\IDEA\maven\repository\com\alibaba\csp\sentinel-cluster-common-default\1.8.4\sentinel-cluster-common-default-1.8.4.jar;D:\IDEA\maven\repository\com\alibaba\csp\sentinel-cluster-client-default\1.8.4\sentinel-cluster-client-default-1.8.4.jar;D:\IDEA\maven\repository\com\alibaba\cloud\spring-cloud-alibaba-sentinel-datasource\2.2.8.RELEASE\spring-cloud-alibaba-sentinel-datasource-2.2.8.RELEASE.jar;D:\IDEA\maven\repository\org\springframework\boot\spring-boot-starter-validation\2.3.7.RELEASE\spring-boot-starter-validation-2.3.7.RELEASE.jar;D:\IDEA\maven\repository\org\glassfish\jakarta.el\3.0.3\jakarta.el-3.0.3.jar;D:\IDEA\maven\repository\org\hibernate\validator\hibernate-validator\6.1.6.Final\hibernate-validator-6.1.6.Final.jar;D:\IDEA\maven\repository\org\jboss\logging\jboss-logging\3.4.1.Final\jboss-logging-3.4.1.Final.jar;D:\IDEA\maven\repository\com\fasterxml\classmate\1.5.1\classmate-1.5.1.jar;D:\IDEA\maven\repository\com\alibaba\fastjson\2.0.12\fastjson-2.0.12.jar;D:\IDEA\maven\repository\com\alibaba\fastjson2\fastjson2-extension\2.0.12\fastjson2-extension-2.0.12.jar;D:\IDEA\maven\repository\com\alibaba\fastjson2\fastjson2\2.0.12\fastjson2-2.0.12.jar;D:\IDEA\maven\repository\mysql\mysql-connector-java\8.0.22\mysql-connector-java-8.0.22.jar;D:\IDEA\maven\repository\org\apache\commons\commons-lang3\3.10\commons-lang3-3.10.jar;D:\IDEA\maven\repository\org\apache\httpcomponents\httpcore\4.4.14\httpcore-4.4.14.jar;D:\IDEA\maven\repository\com\baomidou\mybatis-plus-boot-starter\3.5.2\mybatis-plus-boot-starter-3.5.2.jar;D:\IDEA\maven\repository\com\baomidou\mybatis-plus\3.5.2\mybatis-plus-3.5.2.jar;D:\IDEA\maven\repository\com\baomidou\mybatis-plus-extension\3.5.2\mybatis-plus-extension-3.5.2.jar;D:\IDEA\maven\repository\com\baomidou\mybatis-plus-core\3.5.2\mybatis-plus-core-3.5.2.jar;D:\IDEA\maven\repository\com\baomidou\mybatis-plus-annotation\3.5.2\mybatis-plus-annotation-3.5.2.jar;D:\IDEA\maven\repository\com\github\jsqlparser\jsqlparser\4.4\jsqlparser-4.4.jar;D:\IDEA\maven\repository\org\mybatis\mybatis\3.5.10\mybatis-3.5.10.jar;D:\IDEA\maven\repository\org\mybatis\mybatis-spring\2.0.7\mybatis-spring-2.0.7.jar;D:\IDEA\maven\repository\org\jetbrains\kotlin\kotlin-stdlib-jdk8\1.3.72\kotlin-stdlib-jdk8-1.3.72.jar;D:\IDEA\maven\repository\org\jetbrains\kotlin\kotlin-stdlib\1.3.72\kotlin-stdlib-1.3.72.jar;D:\IDEA\maven\repository\org\jetbrains\kotlin\kotlin-stdlib-common\1.3.72\kotlin-stdlib-common-1.3.72.jar;D:\IDEA\maven\repository\org\jetbrains\annotations\13.0\annotations-13.0.jar;D:\IDEA\maven\repository\org\jetbrains\kotlin\kotlin-stdlib-jdk7\1.3.72\kotlin-stdlib-jdk7-1.3.72.jar;D:\IDEA\maven\repository\org\springframework\boot\spring-boot-starter-jdbc\2.3.7.RELEASE\spring-boot-starter-jdbc-2.3.7.RELEASE.jar;D:\IDEA\maven\repository\com\zaxxer\HikariCP\3.4.5\HikariCP-3.4.5.jar;D:\IDEA\maven\repository\org\springframework\spring-jdbc\5.2.12.RELEASE\spring-jdbc-5.2.12.RELEASE.jar;D:\IDEA\maven\repository\com\alibaba\cloud\spring-cloud-starter-alibaba-nacos-discovery\2.2.8.RELEASE\spring-cloud-starter-alibaba-nacos-discovery-2.2.8.RELEASE.jar;D:\IDEA\maven\repository\com\alibaba\cloud\spring-cloud-alibaba-commons\2.2.8.RELEASE\spring-cloud-alibaba-commons-2.2.8.RELEASE.jar;D:\IDEA\maven\repository\com\alibaba\nacos\nacos-client\2.1.0\nacos-client-2.1.0.jar;D:\IDEA\maven\repository\com\alibaba\nacos\nacos-auth-plugin\2.1.0\nacos-auth-plugin-2.1.0.jar;D:\IDEA\maven\repository\com\alibaba\nacos\nacos-encryption-plugin\2.1.0\nacos-encryption-plugin-2.1.0.jar;D:\IDEA\maven\repository\io\prometheus\simpleclient\0.5.0\simpleclient-0.5.0.jar;D:\IDEA\maven\repository\com\alibaba\spring\spring-context-support\1.0.11\spring-context-support-1.0.11.jar;D:\IDEA\maven\repository\org\springframework\cloud\spring-cloud-context\2.2.6.RELEASE\spring-cloud-context-2.2.6.RELEASE.jar;D:\IDEA\maven\repository\org\springframework\cloud\spring-cloud-starter-netflix-ribbon\2.2.6.RELEASE\spring-cloud-starter-netflix-ribbon-2.2.6.RELEASE.jar;D:\IDEA\maven\repository\org\springframework\cloud\spring-cloud-starter-netflix-archaius\2.2.6.RELEASE\spring-cloud-starter-netflix-archaius-2.2.6.RELEASE.jar;D:\IDEA\maven\repository\com\netflix\ribbon\ribbon\2.3.0\ribbon-2.3.0.jar;D:\IDEA\maven\repository\com\netflix\ribbon\ribbon-transport\2.3.0\ribbon-transport-2.3.0.jar;D:\IDEA\maven\repository\io\reactivex\rxnetty-contexts\0.4.9\rxnetty-contexts-0.4.9.jar;D:\IDEA\maven\repository\io\reactivex\rxnetty-servo\0.4.9\rxnetty-servo-0.4.9.jar;D:\IDEA\maven\repository\javax\inject\javax.inject\1\javax.inject-1.jar;D:\IDEA\maven\repository\io\reactivex\rxnetty\0.4.9\rxnetty-0.4.9.jar;D:\IDEA\maven\repository\com\netflix\ribbon\ribbon-core\2.3.0\ribbon-core-2.3.0.jar;D:\IDEA\maven\repository\commons-lang\commons-lang\2.6\commons-lang-2.6.jar;D:\IDEA\maven\repository\com\netflix\ribbon\ribbon-httpclient\2.3.0\ribbon-httpclient-2.3.0.jar;D:\IDEA\maven\repository\commons-collections\commons-collections\3.2.2\commons-collections-3.2.2.jar;D:\IDEA\maven\repository\com\sun\jersey\jersey-client\1.19.1\jersey-client-1.19.1.jar;D:\IDEA\maven\repository\com\sun\jersey\jersey-core\1.19.1\jersey-core-1.19.1.jar;D:\IDEA\maven\repository\javax\ws\rs\jsr311-api\1.1.1\jsr311-api-1.1.1.jar;D:\IDEA\maven\repository\com\sun\jersey\contribs\jersey-apache-client4\1.19.1\jersey-apache-client4-1.19.1.jar;D:\IDEA\maven\repository\com\netflix\servo\servo-core\0.12.21\servo-core-0.12.21.jar;D:\IDEA\maven\repository\com\netflix\netflix-commons\netflix-commons-util\0.3.0\netflix-commons-util-0.3.0.jar;D:\IDEA\maven\repository\com\netflix\ribbon\ribbon-loadbalancer\2.3.0\ribbon-loadbalancer-2.3.0.jar;D:\IDEA\maven\repository\com\netflix\netflix-commons\netflix-statistics\0.1.1\netflix-statistics-0.1.1.jar;D:\IDEA\maven\repository\io\reactivex\rxjava\1.3.8\rxjava-1.3.8.jar;D:\IDEA\maven\repository\com\alibaba\cloud\spring-cloud-starter-alibaba-nacos-config\2.2.8.RELEASE\spring-cloud-starter-alibaba-nacos-config-2.2.8.RELEASE.jar;D:\IDEA\maven\repository\jakarta\validation\jakarta.validation-api\2.0.2\jakarta.validation-api-2.0.2.jar;D:\IDEA\maven\repository\org\springframework\boot\spring-boot-starter-web\2.3.7.RELEASE\spring-boot-starter-web-2.3.7.RELEASE.jar;D:\IDEA\maven\repository\org\springframework\boot\spring-boot-starter-json\2.3.7.RELEASE\spring-boot-starter-json-2.3.7.RELEASE.jar;D:\IDEA\maven\repository\com\fasterxml\jackson\datatype\jackson-datatype-jdk8\2.11.3\jackson-datatype-jdk8-2.11.3.jar;D:\IDEA\maven\repository\com\fasterxml\jackson\module\jackson-module-parameter-names\2.11.3\jackson-module-parameter-names-2.11.3.jar;D:\IDEA\maven\repository\org\springframework\boot\spring-boot-starter-tomcat\2.3.7.RELEASE\spring-boot-starter-tomcat-2.3.7.RELEASE.jar;D:\IDEA\maven\repository\org\apache\tomcat\embed\tomcat-embed-core\9.0.41\tomcat-embed-core-9.0.41.jar;D:\IDEA\maven\repository\org\apache\tomcat\embed\tomcat-embed-websocket\9.0.41\tomcat-embed-websocket-9.0.41.jar;D:\IDEA\maven\repository\org\springframework\spring-web\5.2.12.RELEASE\spring-web-5.2.12.RELEASE.jar;D:\IDEA\maven\repository\org\springframework\spring-beans\5.2.12.RELEASE\spring-beans-5.2.12.RELEASE.jar;D:\IDEA\maven\repository\org\springframework\spring-webmvc\5.2.12.RELEASE\spring-webmvc-5.2.12.RELEASE.jar;D:\IDEA\maven\repository\org\springframework\spring-context\5.2.12.RELEASE\spring-context-5.2.12.RELEASE.jar;D:\IDEA\maven\repository\org\springframework\spring-expression\5.2.12.RELEASE\spring-expression-5.2.12.RELEASE.jar;D:\IDEA\maven\repository\org\springframework\cloud\spring-cloud-starter-openfeign\2.2.6.RELEASE\spring-cloud-starter-openfeign-2.2.6.RELEASE.jar;D:\IDEA\maven\repository\org\springframework\cloud\spring-cloud-starter\2.2.6.RELEASE\spring-cloud-starter-2.2.6.RELEASE.jar;D:\IDEA\maven\repository\org\springframework\security\spring-security-rsa\1.0.9.RELEASE\spring-security-rsa-1.0.9.RELEASE.jar;D:\IDEA\maven\repository\org\bouncycastle\bcpkix-jdk15on\1.64\bcpkix-jdk15on-1.64.jar;D:\IDEA\maven\repository\org\bouncycastle\bcprov-jdk15on\1.64\bcprov-jdk15on-1.64.jar;D:\IDEA\maven\repository\org\springframework\cloud\spring-cloud-openfeign-core\2.2.6.RELEASE\spring-cloud-openfeign-core-2.2.6.RELEASE.jar;D:\IDEA\maven\repository\org\springframework\cloud\spring-cloud-netflix-ribbon\2.2.6.RELEASE\spring-cloud-netflix-ribbon-2.2.6.RELEASE.jar;D:\IDEA\maven\repository\org\springframework\cloud\spring-cloud-netflix-archaius\2.2.6.RELEASE\spring-cloud-netflix-archaius-2.2.6.RELEASE.jar;D:\IDEA\maven\repository\io\github\openfeign\form\feign-form-spring\3.8.0\feign-form-spring-3.8.0.jar;D:\IDEA\maven\repository\io\github\openfeign\form\feign-form\3.8.0\feign-form-3.8.0.jar;D:\IDEA\maven\repository\commons-fileupload\commons-fileupload\1.4\commons-fileupload-1.4.jar;D:\IDEA\maven\repository\commons-io\commons-io\2.2\commons-io-2.2.jar;D:\IDEA\maven\repository\org\springframework\cloud\spring-cloud-commons\2.2.6.RELEASE\spring-cloud-commons-2.2.6.RELEASE.jar;D:\IDEA\maven\repository\org\springframework\security\spring-security-crypto\5.3.6.RELEASE\spring-security-crypto-5.3.6.RELEASE.jar;D:\IDEA\maven\repository\io\github\openfeign\feign-core\10.10.1\feign-core-10.10.1.jar;D:\IDEA\maven\repository\io\github\openfeign\feign-slf4j\10.10.1\feign-slf4j-10.10.1.jar;D:\IDEA\maven\repository\io\github\openfeign\feign-hystrix\10.10.1\feign-hystrix-10.10.1.jar;D:\IDEA\maven\repository\com\netflix\archaius\archaius-core\0.7.6\archaius-core-0.7.6.jar;D:\IDEA\maven\repository\com\google\code\findbugs\jsr305\3.0.1\jsr305-3.0.1.jar;D:\IDEA\maven\repository\commons-configuration\commons-configuration\1.8\commons-configuration-1.8.jar;D:\IDEA\maven\repository\com\google\guava\guava\29.0-jre\guava-29.0-jre.jar;D:\IDEA\maven\repository\com\google\guava\failureaccess\1.0.1\failureaccess-1.0.1.jar;D:\IDEA\maven\repository\com\google\guava\listenablefuture\9999.0-empty-to-avoid-conflict-with-guava\listenablefuture-9999.0-empty-to-avoid-conflict-with-guava.jar;D:\IDEA\maven\repository\org\checkerframework\checker-qual\2.11.1\checker-qual-2.11.1.jar;D:\IDEA\maven\repository\com\google\errorprone\error_prone_annotations\2.3.4\error_prone_annotations-2.3.4.jar;D:\IDEA\maven\repository\com\google\j2objc\j2objc-annotations\1.3\j2objc-annotations-1.3.jar;D:\IDEA\maven\repository\com\netflix\hystrix\hystrix-core\1.5.18\hystrix-core-1.5.18.jar;D:\IDEA\maven\repository\org\projectlombok\lombok\1.18.16\lombok-1.18.16.jar;D:\IDEA\maven\repository\org\springframework\boot\spring-boot-starter-test\2.3.7.RELEASE\spring-boot-starter-test-2.3.7.RELEASE.jar;D:\IDEA\maven\repository\org\springframework\boot\spring-boot-test\2.3.7.RELEASE\spring-boot-test-2.3.7.RELEASE.jar;D:\IDEA\maven\repository\org\springframework\boot\spring-boot-test-autoconfigure\2.3.7.RELEASE\spring-boot-test-autoconfigure-2.3.7.RELEASE.jar;D:\IDEA\maven\repository\com\jayway\jsonpath\json-path\2.4.0\json-path-2.4.0.jar;D:\IDEA\maven\repository\net\minidev\json-smart\2.3\json-smart-2.3.jar;D:\IDEA\maven\repository\net\minidev\accessors-smart\1.2\accessors-smart-1.2.jar;D:\IDEA\maven\repository\org\ow2\asm\asm\5.0.4\asm-5.0.4.jar;D:\IDEA\maven\repository\jakarta\xml\bind\jakarta.xml.bind-api\2.3.3\jakarta.xml.bind-api-2.3.3.jar;D:\IDEA\maven\repository\jakarta\activation\jakarta.activation-api\1.2.2\jakarta.activation-api-1.2.2.jar;D:\IDEA\maven\repository\org\assertj\assertj-core\3.16.1\assertj-core-3.16.1.jar;D:\IDEA\maven\repository\org\hamcrest\hamcrest\2.2\hamcrest-2.2.jar;D:\IDEA\maven\repository\org\junit\jupiter\junit-jupiter\5.6.3\junit-jupiter-5.6.3.jar;D:\IDEA\maven\repository\org\junit\jupiter\junit-jupiter-api\5.6.3\junit-jupiter-api-5.6.3.jar;D:\IDEA\maven\repository\org\apiguardian\apiguardian-api\1.1.0\apiguardian-api-1.1.0.jar;D:\IDEA\maven\repository\org\opentest4j\opentest4j\1.2.0\opentest4j-1.2.0.jar;D:\IDEA\maven\repository\org\junit\platform\junit-platform-commons\1.6.3\junit-platform-commons-1.6.3.jar;D:\IDEA\maven\repository\org\junit\jupiter\junit-jupiter-params\5.6.3\junit-jupiter-params-5.6.3.jar;D:\IDEA\maven\repository\org\junit\jupiter\junit-jupiter-engine\5.6.3\junit-jupiter-engine-5.6.3.jar;D:\IDEA\maven\repository\org\junit\platform\junit-platform-engine\1.6.3\junit-platform-engine-1.6.3.jar;D:\IDEA\maven\repository\org\mockito\mockito-core\3.3.3\mockito-core-3.3.3.jar;D:\IDEA\maven\repository\net\bytebuddy\byte-buddy\1.10.18\byte-buddy-1.10.18.jar;D:\IDEA\maven\repository\net\bytebuddy\byte-buddy-agent\1.10.18\byte-buddy-agent-1.10.18.jar;D:\IDEA\maven\repository\org\objenesis\objenesis\2.6\objenesis-2.6.jar;D:\IDEA\maven\repository\org\mockito\mockito-junit-jupiter\3.3.3\mockito-junit-jupiter-3.3.3.jar;D:\IDEA\maven\repository\org\skyscreamer\jsonassert\1.5.0\jsonassert-1.5.0.jar;D:\IDEA\maven\repository\com\vaadin\external\google\android-json\0.0.20131108.vaadin1\android-json-0.0.20131108.vaadin1.jar;D:\IDEA\maven\repository\org\springframework\spring-core\5.2.12.RELEASE\spring-core-5.2.12.RELEASE.jar;D:\IDEA\maven\repository\org\springframework\spring-test\5.2.12.RELEASE\spring-test-5.2.12.RELEASE.jar;D:\IDEA\maven\repository\org\xmlunit\xmlunit-core\2.7.0\xmlunit-core-2.7.0.jar;"/>
    <property name="sun.cpu.endian" value="little"/>
    <property name="user.home" value="C:\Users\hzk"/>
    <property name="user.language" value="zh"/>
    <property name="java.specification.vendor" value="Oracle Corporation"/>
    <property name="java.home" value="D:\20210709java\jdk8\jre"/>
    <property name="basedir" value="D:\guli_mall\guli_mall\gulimall-search"/>
    <property name="file.separator" value="\"/>
    <property name="line.separator" value="&#10;"/>
    <property name="java.vm.specification.vendor" value="Oracle Corporation"/>
    <property name="java.specification.name" value="Java Platform API Specification"/>
    <property name="java.awt.graphicsenv" value="sun.awt.Win32GraphicsEnvironment"/>
    <property name="surefire.real.class.path" value="C:\Users\hzk\AppData\Local\Temp\surefire5827950715772543983\surefirebooter4177073289016750364.jar"/>
    <property name="sun.boot.class.path" value="D:\20210709java\jdk8\jre\lib\resources.jar;D:\20210709java\jdk8\jre\lib\rt.jar;D:\20210709java\jdk8\jre\lib\sunrsasign.jar;D:\20210709java\jdk8\jre\lib\jsse.jar;D:\20210709java\jdk8\jre\lib\jce.jar;D:\20210709java\jdk8\jre\lib\charsets.jar;D:\20210709java\jdk8\jre\lib\jfr.jar;D:\20210709java\jdk8\jre\classes"/>
    <property name="user.script" value=""/>
    <property name="sun.management.compiler" value="HotSpot 64-Bit Tiered Compilers"/>
    <property name="java.runtime.version" value="1.8.0_291-b10"/>
    <property name="user.name" value="hzk"/>
    <property name="path.separator" value=";"/>
    <property name="os.version" value="10.0"/>
    <property name="java.endorsed.dirs" value="D:\20210709java\jdk8\jre\lib\endorsed"/>
    <property name="java.runtime.name" value="Java(TM) SE Runtime Environment"/>
    <property name="file.encoding" value="GBK"/>
    <property name="java.vm.name" value="Java HotSpot(TM) 64-Bit Server VM"/>
    <property name="localRepository" value="D:\IDEA\maven\repository"/>
    <property name="java.vendor.url.bug" value="http://bugreport.sun.com/bugreport/"/>
    <property name="java.io.tmpdir" value="C:\Users\hzk\AppData\Local\Temp\"/>
    <property name="idea.version" value="2021.2.3"/>
    <property name="java.version" value="1.8.0_291"/>
    <property name="user.dir" value="D:\guli_mall\guli_mall\gulimall-search"/>
    <property name="os.arch" value="amd64"/>
    <property name="java.vm.specification.name" value="Java Virtual Machine Specification"/>
    <property name="java.awt.printerjob" value="sun.awt.windows.WPrinterJob"/>
    <property name="sun.os.patch.level" value=""/>
    <property name="java.library.path" value="D:\20210709java\jdk8\jre\bin;C:\WINDOWS\Sun\Java\bin;C:\WINDOWS\system32;C:\WINDOWS;C:\Program Files (x86)\Common Files\Intel\Shared Libraries\redist\intel64\compiler;C:\Program Files (x86)\Common Files\Oracle\Java\javapath;C:\WINDOWS\system32;C:\WINDOWS;C:\WINDOWS\System32\Wbem;C:\WINDOWS\System32\WindowsPowerShell\v1.0\;C:\WINDOWS\System32\OpenSSH\;C:\Program Files\Java\jdk1.8.0_201\bin;C:\Program Files\Java\jdk1.8.0_201\jre\bin;C:\Python27;C:\Program Files\MySQL\MySQL Server 8.0\bin;C:\Program Files (x86)\NVIDIA Corporation\PhysX\Common;C:\WINDOWS\system32;C:\WINDOWS;C:\WINDOWS\System32\Wbem;C:\WINDOWS\System32\WindowsPowerShell\v1.0\;C:\WINDOWS\System32\OpenSSH\;E:\programs\git\Git\cmd;E:\programs\xshell7\;E:\programs\xftp7\;E:\programs\nvm;E:\programs\nodejs;E:\programs\Vagrant\bin;D:\20210709java\jdk8\bin;C:\Program Files\Bandizip\;D:\python\Scripts\;D:\python\;C:\Program Files\MySQL\MySQL Shell 8.0\bin;E:\mysql\mysql-8.0.26-winx64\bin;C:\Users\hzk\AppData\Local\Microsoft\WindowsApps;D:\20210709java\jdk8\bin;D:\IDEA\apache-maven-3.8.2\bin;C:\Users\hzk\AppData\Local\GitHubDesktop\bin;E:\programs\Microsoft VS Code\bin;node_global;E:\programs\nvm;E:\programs\nodejs;C:\Program Files (x86)\Tencent\QQGameTempest\Hall.57734\;E:\node\node_cache;;."/>
    <property name="java.vm.info" value="mixed mode"/>
    <property name="java.vendor" value="Oracle Corporation"/>
    <property name="java.vm.version" value="25.291-b10"/>
    <property name="java.ext.dirs" value="D:\20210709java\jdk8\jre\lib\ext;C:\WINDOWS\Sun\Java\lib\ext"/>
    <property name="sun.io.unicode.encoding" value="UnicodeLittle"/>
    <property name="maven.repo.local" value="D:\IDEA\maven\repository"/>
    <property name="java.class.version" value="52.0"/>
  </properties>
  <testcase name="indexData" classname="com.hzk.gulimall.search.GulimallSearchApplicationTests" time="0.518"/>
  <testcase name="t1" classname="com.hzk.gulimall.search.GulimallSearchApplicationTests" time="0.004"/>
  <testcase name="contextLoads" classname="com.hzk.gulimall.search.GulimallSearchApplicationTests" time="0.004"/>
  <testcase name="searchIndexData" classname="com.hzk.gulimall.search.GulimallSearchApplicationTests" time="0.196"/>
</testsuite>